<?xml version="1.0" encoding="UTF-8"?>
<!-- Generated by org.testng.reporters.JUnitXMLReporter -->
<testsuite ignored="2" hostname="DESKTOP-12J2N0N" failures="0" tests="1" name="Default test" time="40.121" errors="0" timestamp="2023-03-13T19:56:17 IST">
  <testcase classname="test.auto.ficxqa.SumActionsTest" name="previewDropdown" time="39.639"/>
  <testcase classname="test.auto.ficxqa.SumActionsTest" name="previewSum" time="0.0">
    <ignored/>
  </testcase> <!-- previewSum -->
  <testcase classname="test.auto.ficxqa.SumActionsTest" name="sumInputs" time="0.0">
    <ignored/>
  </testcase> <!-- sumInputs -->
</testsuite> <!-- Default test -->
