<?xml version="1.0" encoding="UTF-8"?>
<!-- Generated by org.testng.reporters.JUnitXMLReporter -->
<testsuite ignored="3" hostname="DESKTOP-12J2N0N" failures="0" tests="22" name="FullRunTest" time="92.275" errors="0" timestamp="2023-01-11T18:15:42 IST">
  <testcase classname="test.auto.ficxqa.ApiRTDiceTest" name="login" time="3.922"/>
  <testcase classname="test.auto.ficxqa.ApiRTDiceTest" name="newProject" time="3.612"/>
  <testcase classname="test.auto.ficxqa.ApiRTDiceTest" name="enterEditor" time="2.986"/>
  <testcase classname="test.auto.ficxqa.ApiRTDiceTest" name="screen1Actions1" time="1.305"/>
  <testcase classname="test.auto.ficxqa.ApiRTDiceTest" name="screen1Text" time="2.958"/>
  <testcase classname="test.auto.ficxqa.ApiRTDiceTest" name="screen1Image" time="2.346"/>
  <testcase classname="test.auto.ficxqa.ApiRTDiceTest" name="screen1Button" time="4.909"/>
  <testcase classname="test.auto.ficxqa.ApiRTDiceTest" name="linkNewScreen" time="2.234"/>
  <testcase classname="test.auto.ficxqa.ApiRTDiceTest" name="screen2Setup" time="0.899"/>
  <testcase classname="test.auto.ficxqa.ApiRTDiceTest" name="screen2Text" time="1.366"/>
  <testcase classname="test.auto.ficxqa.ApiRTDiceTest" name="screen2Inputs" time="4.267"/>
  <testcase classname="test.auto.ficxqa.ApiRTDiceTest" name="twoNewScreen" time="2.255"/>
  <testcase classname="test.auto.ficxqa.ApiRTDiceTest" name="onSuccessSetup" time="2.775"/>
  <testcase classname="test.auto.ficxqa.ApiRTDiceTest" name="onSuccessText" time="6.292"/>
  <testcase classname="test.auto.ficxqa.ApiRTDiceTest" name="onFailSetup" time="3.164"/>
  <testcase classname="test.auto.ficxqa.ApiRTDiceTest" name="onFailText" time="7.421"/>
  <testcase classname="test.auto.ficxqa.ApiRTDiceTest" name="enterNode2Editor" time="0.706"/>
  <testcase classname="test.auto.ficxqa.ApiRTDiceTest" name="screen2Btn" time="1.999"/>
  <testcase classname="test.auto.ficxqa.ApiRTDiceTest" name="screen2ApiIntSetup" time="0.195"/>
  <testcase classname="test.auto.ficxqa.ApiRTDiceTest" name="apiParamsOnScsFailSetup" time="5.26"/>
  <testcase classname="test.auto.ficxqa.ApiRTDiceTest" name="backBtnsFlow" time="2.895"/>
  <testcase classname="test.auto.ficxqa.ApiRTDiceTest" name="previewJourney" time="28.097"/>
  <testcase classname="test.auto.ficxqa.ApiRTDiceTest" name="enterExistingJourney" time="0.0">
    <ignored/>
  </testcase> <!-- enterExistingJourney -->
  <testcase classname="test.auto.ficxqa.ApiRTDiceTest" name="duplicateScreen1" time="0.0">
    <ignored/>
  </testcase> <!-- duplicateScreen1 -->
  <testcase classname="test.auto.ficxqa.ApiRTDiceTest" name="deleteJourney" time="0.0">
    <ignored/>
  </testcase> <!-- deleteJourney -->
</testsuite> <!-- FullRunTest -->
