<?xml version="1.0" encoding="UTF-8"?>
<!-- Generated by org.testng.reporters.JUnitXMLReporter -->
<testsuite ignored="1" hostname="DESKTOP-12J2N0N" failures="0" tests="1" name="Buiding form in editor: Sum API" time="36.305" errors="0" timestamp="2023-03-21T16:54:36 IST">
  <testcase classname="test.auto.ficxqa.BuildForms" name="buildSumApi" time="36.128"/>
  <testcase classname="test.auto.ficxqa.BuildForms" name="buildBasicFields" time="0.0">
    <ignored/>
  </testcase> <!-- buildBasicFields -->
</testsuite> <!-- Buiding form in editor: Sum API -->
