<?xml version="1.0" encoding="UTF-8"?>
<!-- Generated by org.testng.reporters.JUnitXMLReporter -->
<testsuite ignored="1" hostname="DESKTOP-12J2N0N" failures="0" tests="1" name="Buiding form in editor: Basic Fields not used in other tests" time="38.772" errors="0" timestamp="2023-03-21T18:15:22 IST">
  <testcase classname="test.auto.ficxqa.BuildForms" name="buildBasicFields" time="38.175"/>
  <testcase classname="test.auto.ficxqa.BuildForms" name="buildSumApi" time="0.0">
    <ignored/>
  </testcase> <!-- buildSumApi -->
</testsuite> <!-- Buiding form in editor: Basic Fields not used in other tests -->
