<?xml version="1.0" encoding="UTF-8"?>
<!-- Generated by org.testng.reporters.JUnitXMLReporter -->
<testsuite ignored="5" hostname="DESKTOP-12J2N0N" failures="0" tests="1" name="Digital-Form preview: Buttons [form name: AutoButtonStepsTest]" time="105.223" errors="0" timestamp="2023-05-28T19:18:32 IDT">
  <testcase classname="test.auto.ficxqa.PreviewForms" name="previewButtons" time="104.81"/>
  <testcase classname="test.auto.ficxqa.PreviewForms" name="previewSteps" time="0.0">
    <ignored/>
  </testcase> <!-- previewSteps -->
  <testcase classname="test.auto.ficxqa.PreviewForms" name="previewDropdown" time="0.0">
    <ignored/>
  </testcase> <!-- previewDropdown -->
  <testcase classname="test.auto.ficxqa.PreviewForms" name="previewSum" time="0.0">
    <ignored/>
  </testcase> <!-- previewSum -->
  <testcase classname="test.auto.ficxqa.PreviewForms" name="previewfileUpload" time="0.0">
    <ignored/>
  </testcase> <!-- previewfileUpload -->
  <testcase classname="test.auto.ficxqa.PreviewForms" name="previewRules" time="0.0">
    <ignored/>
  </testcase> <!-- previewRules -->
</testsuite> <!-- Digital-Form preview: Buttons [form name: AutoButtonStepsTest] -->
