<?xml version="1.0" encoding="UTF-8"?>
<!-- Generated by org.testng.reporters.JUnitXMLReporter -->
<testsuite ignored="1" hostname="DESKTOP-12J2N0N" failures="0" tests="1" name="Dropdowns: multiple API actions. Preview test" time="41.887" errors="0" timestamp="2023-03-21T16:53:59 IST">
  <testcase classname="test.auto.ficxqa.PreviewForms" name="previewDropdown" time="41.705"/>
  <testcase classname="test.auto.ficxqa.PreviewForms" name="previewSum" time="0.0">
    <ignored/>
  </testcase> <!-- previewSum -->
</testsuite> <!-- Dropdowns: multiple API actions. Preview test -->
