<?xml version="1.0" encoding="UTF-8"?>
<!-- Generated by org.testng.reporters.JUnitXMLReporter -->
<testsuite ignored="3" hostname="DESKTOP-12J2N0N" failures="0" tests="1" name="preview of autofileUpload form" time="32.427" errors="0" timestamp="2023-03-23T13:42:17 IST">
  <testcase classname="test.auto.ficxqa.PreviewForms" name="previewfileUpload" time="32.057"/>
  <testcase classname="test.auto.ficxqa.PreviewForms" name="previewDropdown" time="0.0">
    <ignored/>
  </testcase> <!-- previewDropdown -->
  <testcase classname="test.auto.ficxqa.PreviewForms" name="previewSum" time="0.0">
    <ignored/>
  </testcase> <!-- previewSum -->
  <testcase classname="test.auto.ficxqa.PreviewForms" name="fileUploadGithub" time="0.0">
    <ignored/>
  </testcase> <!-- fileUploadGithub -->
</testsuite> <!-- preview of autofileUpload form -->
