<?xml version="1.0" encoding="UTF-8"?>
<!-- Generated by org.testng.reporters.JUnitXMLReporter -->
<testsuite ignored="1" hostname="DESKTOP-12J2N0N" failures="0" tests="1" name="Sum API action: preview test" time="23.479" errors="0" timestamp="2023-03-21T16:53:17 IST">
  <testcase classname="test.auto.ficxqa.PreviewForms" name="previewSum" time="23.291"/>
  <testcase classname="test.auto.ficxqa.PreviewForms" name="previewDropdown" time="0.0">
    <ignored/>
  </testcase> <!-- previewDropdown -->
</testsuite> <!-- Sum API action: preview test -->
