<?xml version="1.0" encoding="UTF-8"?>
<!-- Generated by org.testng.reporters.JUnitXMLReporter -->
<testsuite ignored="1" hostname="DESKTOP-12J2N0N" failures="0" tests="1" name="Test1" time="14.224" errors="0" timestamp="2023-03-15T17:56:51 IST">
  <testcase classname="test.auto.ficxqa.PreviewForms" name="previewSum" time="13.758"/>
  <testcase classname="test.auto.ficxqa.PreviewForms" name="previewDropdown" time="0.0">
    <ignored/>
  </testcase> <!-- previewDropdown -->
</testsuite> <!-- Test1 -->
