<?xml version="1.0" encoding="UTF-8"?>
<testng-results ignored="1" total="3" passed="2" failed="0" skipped="0">
  <reporter-output>
  </reporter-output>
  <suite started-at="2023-03-15T17:56:37 IST" name="Suite" finished-at="2023-03-15T17:57:25 IST" duration-ms="47842">
    <groups>
    </groups>
    <test started-at="2023-03-15T17:56:37 IST" name="Test1" finished-at="2023-03-15T17:56:51 IST" duration-ms="14224">
      <class name="test.auto.ficxqa.PreviewForms">
        <test-method signature="previewSum()[pri:0, instance:test.auto.ficxqa.PreviewForms@6b927fb]" started-at="2023-03-15T17:56:37 IST" name="previewSum" finished-at="2023-03-15T17:56:51 IST" duration-ms="13758" status="PASS">
          <reporter-output>
          </reporter-output>
        </test-method> <!-- previewSum -->
        <test-method is-config="true" signature="end()[pri:0, instance:test.auto.ficxqa.PreviewForms@6b927fb]" started-at="2023-03-15T17:56:51 IST" name="end" finished-at="2023-03-15T17:56:51 IST" duration-ms="246" status="PASS">
          <reporter-output>
          </reporter-output>
        </test-method> <!-- end -->
      </class> <!-- test.auto.ficxqa.PreviewForms -->
    </test> <!-- Test1 -->
    <test started-at="2023-03-15T17:56:51 IST" name="Test2" finished-at="2023-03-15T17:57:25 IST" duration-ms="33269">
      <class name="test.auto.ficxqa.BuildForms">
        <test-method is-config="true" signature="setup()[pri:0, instance:test.auto.ficxqa.BuildForms@4efbca5a]" started-at="2023-03-15T17:56:25 IST" name="setup" finished-at="2023-03-15T17:56:37 IST" duration-ms="12229" status="PASS">
          <reporter-output>
          </reporter-output>
        </test-method> <!-- setup -->
        <test-method signature="buildSumApi()[pri:0, instance:test.auto.ficxqa.BuildForms@4efbca5a]" started-at="2023-03-15T17:56:51 IST" name="buildSumApi" finished-at="2023-03-15T17:57:25 IST" duration-ms="33028" status="PASS">
          <reporter-output>
          </reporter-output>
        </test-method> <!-- buildSumApi -->
        <test-method is-config="true" signature="end()[pri:0, instance:test.auto.ficxqa.BuildForms@4efbca5a]" started-at="2023-03-15T17:57:25 IST" name="end" finished-at="2023-03-15T17:57:25 IST" duration-ms="239" status="PASS">
          <reporter-output>
          </reporter-output>
        </test-method> <!-- end -->
      </class> <!-- test.auto.ficxqa.BuildForms -->
    </test> <!-- Test2 -->
  </suite> <!-- Suite -->
</testng-results>
