<?xml version="1.0" encoding="UTF-8"?>
<testng-results ignored="2" total="3" passed="1" failed="0" skipped="0">
  <reporter-output>
  </reporter-output>
  <suite started-at="2023-03-13T19:55:36 IST" name="Default suite" finished-at="2023-03-13T19:56:17 IST" duration-ms="40121">
    <groups>
    </groups>
    <test started-at="2023-03-13T19:55:36 IST" name="Default test" finished-at="2023-03-13T19:56:17 IST" duration-ms="40121">
      <class name="test.auto.ficxqa.SumActionsTest">
        <test-method is-config="true" signature="setup()[pri:0, instance:test.auto.ficxqa.SumActionsTest@b3ca52e]" started-at="2023-03-13T19:55:21 IST" name="setup" finished-at="2023-03-13T19:55:36 IST" duration-ms="15104" status="PASS">
          <reporter-output>
          </reporter-output>
        </test-method> <!-- setup -->
        <test-method signature="previewDropdown()[pri:0, instance:test.auto.ficxqa.SumActionsTest@b3ca52e]" started-at="2023-03-13T19:55:37 IST" name="previewDropdown" finished-at="2023-03-13T19:56:16 IST" duration-ms="39639" status="PASS">
          <reporter-output>
          </reporter-output>
        </test-method> <!-- previewDropdown -->
        <test-method is-config="true" signature="end()[pri:0, instance:test.auto.ficxqa.SumActionsTest@b3ca52e]" started-at="2023-03-13T19:56:16 IST" name="end" finished-at="2023-03-13T19:56:17 IST" duration-ms="184" status="PASS">
          <reporter-output>
          </reporter-output>
        </test-method> <!-- end -->
      </class> <!-- test.auto.ficxqa.SumActionsTest -->
    </test> <!-- Default test -->
  </suite> <!-- Default suite -->
</testng-results>
